Using pre-set license

 COMMAND LINE ARGUMENTS:
/Applications/Unity/Hub/Editor/2020.1.12f1/2020.3.15f1/Unity.app/Contents/MacOS/Unity
-adb2
-batchMode
-noUpm
-name
AssetImportWorker0
-projectPath
/Users/inan/Desktop/Game Files/Tower Defence
-logFile
Logs/AssetImportWorker0.log
-srvPort
49305
Successfully changed project path to: /Users/inan/Desktop/Game Files/Tower Defence
/Users/inan/Desktop/Game Files/Tower Defence
Using Asset Import Pipeline V2.
Refreshing native plugins compatible for Editor in 65.65 ms, found 2 plugins.
Preloading 0 native plugins for Editor in 0.00 ms.
Initialize engine version: 2020.3.15f1 (5e502cb56e17)
[Subsystems] Discovering subsystems at path /Applications/Unity/Hub/Editor/2020.1.12f1/2020.3.15f1/Unity.app/Contents/Resources/UnitySubsystems
[Subsystems] Discovering subsystems at path /Users/inan/Desktop/Game Files/Tower Defence/Assets
GfxDevice: creating device client; threaded=0
2021-08-21 10:20:36.729 Unity[910:15211] MStar Demo preferred device: Intel Iris Graphics (low power)
2021-08-21 10:20:36.729 Unity[910:15211] Metal devices available: 1
2021-08-21 10:20:36.729 Unity[910:15211] 0: Intel Iris Graphics (low power)
2021-08-21 10:20:36.731 Unity[910:15211] Using device Intel Iris Graphics (low power)
Initializing Metal device caps: Intel Iris Graphics
Initialize mono
Mono path[0] = '/Applications/Unity/Hub/Editor/2020.1.12f1/2020.3.15f1/Unity.app/Contents/Managed'
Mono path[1] = '/Applications/Unity/Hub/Editor/2020.1.12f1/2020.3.15f1/Unity.app/Contents/MonoBleedingEdge/lib/mono/unityjit'
Mono config path = '/Applications/Unity/Hub/Editor/2020.1.12f1/2020.3.15f1/Unity.app/Contents/MonoBleedingEdge/etc'
Using monoOptions --debugger-agent=transport=dt_socket,embedding=1,server=y,suspend=n,address=127.0.0.1:56910
Begin MonoManager ReloadAssembly
